<?xml version="1.0" encoding="UTF-8"?>
<!-- Generated by org.testng.reporters.JUnitReportReporter -->
<testsuite hostname="WXP1468" name="org.semarglproject.jena.JenaRdfaReaderTest" tests="343" failures="0" timestamp="22 Jan 2013 11:45:28 GMT" time="2.282" errors="0">
  <testcase name="Rdfa11Html5TestsJena" time="0.000" classname="org.semarglproject.jena.JenaRdfaReaderTest"/>
  <testcase name="Rdfa11Html5TestsJena" time="0.000" classname="org.semarglproject.jena.JenaRdfaReaderTest"/>
  <testcase name="Rdfa11Html5TestsJena" time="0.000" classname="org.semarglproject.jena.JenaRdfaReaderTest"/>
  <testcase name="Rdfa11Html5TestsJena" time="0.000" classname="org.semarglproject.jena.JenaRdfaReaderTest"/>
  <testcase name="Rdfa11XmlTestsJena" time="0.016" classname="org.semarglproject.jena.JenaRdfaReaderTest"/>
  <testcase name="Rdfa11XmlTestsJena" time="0.000" classname="org.semarglproject.jena.JenaRdfaReaderTest"/>
  <testcase name="Rdfa11XmlTestsJena" time="0.000" classname="org.semarglproject.jena.JenaRdfaReaderTest"/>
  <testcase name="Rdfa11Html5TestsJena" time="0.000" classname="org.semarglproject.jena.JenaRdfaReaderTest"/>
  <testcase name="Rdfa11XmlTestsJena" time="0.000" classname="org.semarglproject.jena.JenaRdfaReaderTest"/>
  <testcase name="Rdfa11Html5TestsJena" time="0.218" classname="org.semarglproject.jena.JenaRdfaReaderTest"/>
  <testcase name="Rdfa11Html5TestsJena" time="0.000" classname="org.semarglproject.jena.JenaRdfaReaderTest"/>
  <testcase name="Rdfa11XmlTestsJena" time="0.000" classname="org.semarglproject.jena.JenaRdfaReaderTest"/>
  <testcase name="Rdfa11XmlTestsJena" time="0.000" classname="org.semarglproject.jena.JenaRdfaReaderTest"/>
  <testcase name="Rdfa11XmlTestsJena" time="0.000" classname="org.semarglproject.jena.JenaRdfaReaderTest"/>
  <testcase name="Rdfa11XmlTestsJena" time="0.000" classname="org.semarglproject.jena.JenaRdfaReaderTest"/>
  <testcase name="Rdfa11Html5TestsJena" time="0.000" classname="org.semarglproject.jena.JenaRdfaReaderTest"/>
  <testcase name="Rdfa11Html5TestsJena" time="0.015" classname="org.semarglproject.jena.JenaRdfaReaderTest"/>
  <testcase name="Rdfa11XmlTestsJena" time="0.000" classname="org.semarglproject.jena.JenaRdfaReaderTest"/>
  <testcase name="Rdfa11XmlTestsJena" time="0.016" classname="org.semarglproject.jena.JenaRdfaReaderTest"/>
  <testcase name="Rdfa11Html5TestsJena" time="0.016" classname="org.semarglproject.jena.JenaRdfaReaderTest"/>
  <testcase name="Rdfa11XmlTestsJena" time="0.000" classname="org.semarglproject.jena.JenaRdfaReaderTest"/>
  <testcase name="Rdfa11XmlTestsJena" time="0.000" classname="org.semarglproject.jena.JenaRdfaReaderTest"/>
  <testcase name="Rdfa11Html5TestsJena" time="0.016" classname="org.semarglproject.jena.JenaRdfaReaderTest"/>
  <testcase name="Rdfa11XmlTestsJena" time="0.000" classname="org.semarglproject.jena.JenaRdfaReaderTest"/>
  <testcase name="Rdfa11Html5TestsJena" time="0.000" classname="org.semarglproject.jena.JenaRdfaReaderTest"/>
  <testcase name="Rdfa11Html5TestsJena" time="0.015" classname="org.semarglproject.jena.JenaRdfaReaderTest"/>
  <testcase name="Rdfa11Html5TestsJena" time="0.016" classname="org.semarglproject.jena.JenaRdfaReaderTest"/>
  <testcase name="Rdfa11Html5TestsJena" time="0.000" classname="org.semarglproject.jena.JenaRdfaReaderTest"/>
  <testcase name="Rdfa11Html5TestsJena" time="0.000" classname="org.semarglproject.jena.JenaRdfaReaderTest"/>
  <testcase name="Rdfa11Html5TestsJena" time="0.000" classname="org.semarglproject.jena.JenaRdfaReaderTest"/>
  <testcase name="Rdfa11XmlTestsJena" time="0.000" classname="org.semarglproject.jena.JenaRdfaReaderTest"/>
  <testcase name="Rdfa11Html5TestsJena" time="0.000" classname="org.semarglproject.jena.JenaRdfaReaderTest"/>
  <testcase name="Rdfa11XmlTestsJena" time="0.000" classname="org.semarglproject.jena.JenaRdfaReaderTest"/>
  <testcase name="Rdfa11XmlTestsJena" time="0.015" classname="org.semarglproject.jena.JenaRdfaReaderTest"/>
  <testcase name="Rdfa11Html5TestsJena" time="0.000" classname="org.semarglproject.jena.JenaRdfaReaderTest"/>
  <testcase name="Rdfa11Html5TestsJena" time="0.015" classname="org.semarglproject.jena.JenaRdfaReaderTest"/>
  <testcase name="Rdfa11Html5TestsJena" time="0.000" classname="org.semarglproject.jena.JenaRdfaReaderTest"/>
  <testcase name="Rdfa11XmlTestsJena" time="0.000" classname="org.semarglproject.jena.JenaRdfaReaderTest"/>
  <testcase name="Rdfa11Html5TestsJena" time="0.000" classname="org.semarglproject.jena.JenaRdfaReaderTest"/>
  <testcase name="Rdfa11Html5TestsJena" time="0.000" classname="org.semarglproject.jena.JenaRdfaReaderTest"/>
  <testcase name="Rdfa11Html5TestsJena" time="0.000" classname="org.semarglproject.jena.JenaRdfaReaderTest"/>
  <testcase name="Rdfa11Html5TestsJena" time="0.000" classname="org.semarglproject.jena.JenaRdfaReaderTest"/>
  <testcase name="Rdfa11Html5TestsJena" time="0.016" classname="org.semarglproject.jena.JenaRdfaReaderTest"/>
  <testcase name="Rdfa11XmlTestsJena" time="0.015" classname="org.semarglproject.jena.JenaRdfaReaderTest"/>
  <testcase name="Rdfa11Html5TestsJena" time="0.000" classname="org.semarglproject.jena.JenaRdfaReaderTest"/>
  <testcase name="Rdfa11Html5TestsJena" time="0.000" classname="org.semarglproject.jena.JenaRdfaReaderTest"/>
  <testcase name="Rdfa11Html5TestsJena" time="0.000" classname="org.semarglproject.jena.JenaRdfaReaderTest"/>
  <testcase name="Rdfa11XmlTestsJena" time="0.000" classname="org.semarglproject.jena.JenaRdfaReaderTest"/>
  <testcase name="Rdfa11XmlTestsJena" time="0.000" classname="org.semarglproject.jena.JenaRdfaReaderTest"/>
  <testcase name="Rdfa11Html5TestsJena" time="0.000" classname="org.semarglproject.jena.JenaRdfaReaderTest"/>
  <testcase name="Rdfa11Html5TestsJena" time="0.000" classname="org.semarglproject.jena.JenaRdfaReaderTest"/>
  <testcase name="Rdfa11Html5TestsJena" time="0.000" classname="org.semarglproject.jena.JenaRdfaReaderTest"/>
  <testcase name="Rdfa11XmlTestsJena" time="0.000" classname="org.semarglproject.jena.JenaRdfaReaderTest"/>
  <testcase name="Rdfa11Html5TestsJena" time="0.000" classname="org.semarglproject.jena.JenaRdfaReaderTest"/>
  <testcase name="Rdfa11XmlTestsJena" time="0.000" classname="org.semarglproject.jena.JenaRdfaReaderTest"/>
  <testcase name="Rdfa11XmlTestsJena" time="0.000" classname="org.semarglproject.jena.JenaRdfaReaderTest"/>
  <testcase name="Rdfa11XmlTestsJena" time="0.000" classname="org.semarglproject.jena.JenaRdfaReaderTest"/>
  <testcase name="Rdfa11Html5TestsJena" time="0.000" classname="org.semarglproject.jena.JenaRdfaReaderTest"/>
  <testcase name="Rdfa11XmlTestsJena" time="0.000" classname="org.semarglproject.jena.JenaRdfaReaderTest"/>
  <testcase name="Rdfa11XmlTestsJena" time="0.000" classname="org.semarglproject.jena.JenaRdfaReaderTest"/>
  <testcase name="Rdfa11Html5TestsJena" time="0.000" classname="org.semarglproject.jena.JenaRdfaReaderTest"/>
  <testcase name="Rdfa11Html5TestsJena" time="0.015" classname="org.semarglproject.jena.JenaRdfaReaderTest"/>
  <testcase name="Rdfa11Html5TestsJena" time="0.000" classname="org.semarglproject.jena.JenaRdfaReaderTest"/>
  <testcase name="Rdfa11Html5TestsJena" time="0.000" classname="org.semarglproject.jena.JenaRdfaReaderTest"/>
  <testcase name="Rdfa11Html5TestsJena" time="0.015" classname="org.semarglproject.jena.JenaRdfaReaderTest"/>
  <testcase name="Rdfa11XmlTestsJena" time="0.000" classname="org.semarglproject.jena.JenaRdfaReaderTest"/>
  <testcase name="Rdfa11Html5TestsJena" time="0.000" classname="org.semarglproject.jena.JenaRdfaReaderTest"/>
  <testcase name="Rdfa11Html5TestsJena" time="0.000" classname="org.semarglproject.jena.JenaRdfaReaderTest"/>
  <testcase name="Rdfa11XmlTestsJena" time="0.000" classname="org.semarglproject.jena.JenaRdfaReaderTest"/>
  <testcase name="Rdfa11Html5TestsJena" time="0.000" classname="org.semarglproject.jena.JenaRdfaReaderTest"/>
  <testcase name="Rdfa11XmlTestsJena" time="0.000" classname="org.semarglproject.jena.JenaRdfaReaderTest"/>
  <testcase name="Rdfa11Html5TestsJena" time="0.000" classname="org.semarglproject.jena.JenaRdfaReaderTest"/>
  <testcase name="Rdfa11Html5TestsJena" time="0.015" classname="org.semarglproject.jena.JenaRdfaReaderTest"/>
  <testcase name="Rdfa11XmlTestsJena" time="0.016" classname="org.semarglproject.jena.JenaRdfaReaderTest"/>
  <testcase name="Rdfa11XmlTestsJena" time="0.047" classname="org.semarglproject.jena.JenaRdfaReaderTest"/>
  <testcase name="Rdfa11XmlTestsJena" time="0.000" classname="org.semarglproject.jena.JenaRdfaReaderTest"/>
  <testcase name="Rdfa11Html5TestsJena" time="0.000" classname="org.semarglproject.jena.JenaRdfaReaderTest"/>
  <testcase name="Rdfa11Html5TestsJena" time="0.000" classname="org.semarglproject.jena.JenaRdfaReaderTest"/>
  <testcase name="Rdfa11XmlTestsJena" time="0.000" classname="org.semarglproject.jena.JenaRdfaReaderTest"/>
  <testcase name="Rdfa11Html5TestsJena" time="0.000" classname="org.semarglproject.jena.JenaRdfaReaderTest"/>
  <testcase name="Rdfa11Html5TestsJena" time="0.016" classname="org.semarglproject.jena.JenaRdfaReaderTest"/>
  <testcase name="Rdfa11XmlTestsJena" time="0.032" classname="org.semarglproject.jena.JenaRdfaReaderTest"/>
  <testcase name="Rdfa11Html5TestsJena" time="0.016" classname="org.semarglproject.jena.JenaRdfaReaderTest"/>
  <testcase name="Rdfa11XmlTestsJena" time="0.000" classname="org.semarglproject.jena.JenaRdfaReaderTest"/>
  <testcase name="Rdfa11XmlTestsJena" time="0.000" classname="org.semarglproject.jena.JenaRdfaReaderTest"/>
  <testcase name="Rdfa11Html5TestsJena" time="0.000" classname="org.semarglproject.jena.JenaRdfaReaderTest"/>
  <testcase name="Rdfa11Html5TestsJena" time="0.000" classname="org.semarglproject.jena.JenaRdfaReaderTest"/>
  <testcase name="Rdfa11Html5TestsJena" time="0.000" classname="org.semarglproject.jena.JenaRdfaReaderTest"/>
  <testcase name="Rdfa11Html5TestsJena" time="0.000" classname="org.semarglproject.jena.JenaRdfaReaderTest"/>
  <testcase name="Rdfa11XmlTestsJena" time="0.000" classname="org.semarglproject.jena.JenaRdfaReaderTest"/>
  <testcase name="Rdfa11Html5TestsJena" time="0.000" classname="org.semarglproject.jena.JenaRdfaReaderTest"/>
  <testcase name="Rdfa11Html5TestsJena" time="0.000" classname="org.semarglproject.jena.JenaRdfaReaderTest"/>
  <testcase name="Rdfa11XmlTestsJena" time="0.000" classname="org.semarglproject.jena.JenaRdfaReaderTest"/>
  <testcase name="Rdfa11XmlTestsJena" time="0.000" classname="org.semarglproject.jena.JenaRdfaReaderTest"/>
  <testcase name="Rdfa11Html5TestsJena" time="0.000" classname="org.semarglproject.jena.JenaRdfaReaderTest"/>
  <testcase name="Rdfa11XmlTestsJena" time="0.000" classname="org.semarglproject.jena.JenaRdfaReaderTest"/>
  <testcase name="Rdfa11XmlTestsJena" time="0.000" classname="org.semarglproject.jena.JenaRdfaReaderTest"/>
  <testcase name="Rdfa11Html5TestsJena" time="0.000" classname="org.semarglproject.jena.JenaRdfaReaderTest"/>
  <testcase name="Rdfa11XmlTestsJena" time="0.016" classname="org.semarglproject.jena.JenaRdfaReaderTest"/>
  <testcase name="Rdfa11XmlTestsJena" time="0.000" classname="org.semarglproject.jena.JenaRdfaReaderTest"/>
  <testcase name="Rdfa11Html5TestsJena" time="0.000" classname="org.semarglproject.jena.JenaRdfaReaderTest"/>
  <testcase name="Rdfa11Html5TestsJena" time="0.000" classname="org.semarglproject.jena.JenaRdfaReaderTest"/>
  <testcase name="Rdfa11Html5TestsJena" time="0.000" classname="org.semarglproject.jena.JenaRdfaReaderTest"/>
  <testcase name="Rdfa11Html5TestsJena" time="0.000" classname="org.semarglproject.jena.JenaRdfaReaderTest"/>
  <testcase name="Rdfa11XmlTestsJena" time="0.000" classname="org.semarglproject.jena.JenaRdfaReaderTest"/>
  <testcase name="Rdfa11XmlTestsJena" time="0.000" classname="org.semarglproject.jena.JenaRdfaReaderTest"/>
  <testcase name="Rdfa11XmlTestsJena" time="0.000" classname="org.semarglproject.jena.JenaRdfaReaderTest"/>
  <testcase name="Rdfa11Html5TestsJena" time="0.015" classname="org.semarglproject.jena.JenaRdfaReaderTest"/>
  <testcase name="Rdfa11XmlTestsJena" time="0.031" classname="org.semarglproject.jena.JenaRdfaReaderTest"/>
  <testcase name="Rdfa11Html5TestsJena" time="0.000" classname="org.semarglproject.jena.JenaRdfaReaderTest"/>
  <testcase name="Rdfa11XmlTestsJena" time="0.000" classname="org.semarglproject.jena.JenaRdfaReaderTest"/>
  <testcase name="Rdfa11Html5TestsJena" time="0.000" classname="org.semarglproject.jena.JenaRdfaReaderTest"/>
  <testcase name="Rdfa11Html5TestsJena" time="0.000" classname="org.semarglproject.jena.JenaRdfaReaderTest"/>
  <testcase name="Rdfa11Html5TestsJena" time="0.000" classname="org.semarglproject.jena.JenaRdfaReaderTest"/>
  <testcase name="Rdfa11XmlTestsJena" time="0.000" classname="org.semarglproject.jena.JenaRdfaReaderTest"/>
  <testcase name="Rdfa11Html5TestsJena" time="0.000" classname="org.semarglproject.jena.JenaRdfaReaderTest"/>
  <testcase name="Rdfa11Html5TestsJena" time="0.000" classname="org.semarglproject.jena.JenaRdfaReaderTest"/>
  <testcase name="Rdfa11XmlTestsJena" time="0.000" classname="org.semarglproject.jena.JenaRdfaReaderTest"/>
  <testcase name="Rdfa11XmlTestsJena" time="0.000" classname="org.semarglproject.jena.JenaRdfaReaderTest"/>
  <testcase name="Rdfa11Html5TestsJena" time="0.000" classname="org.semarglproject.jena.JenaRdfaReaderTest"/>
  <testcase name="Rdfa11XmlTestsJena" time="0.000" classname="org.semarglproject.jena.JenaRdfaReaderTest"/>
  <testcase name="Rdfa11Html5TestsJena" time="0.000" classname="org.semarglproject.jena.JenaRdfaReaderTest"/>
  <testcase name="Rdfa11Html5TestsJena" time="0.015" classname="org.semarglproject.jena.JenaRdfaReaderTest"/>
  <testcase name="Rdfa11Html5TestsJena" time="0.000" classname="org.semarglproject.jena.JenaRdfaReaderTest"/>
  <testcase name="Rdfa11Html5TestsJena" time="0.016" classname="org.semarglproject.jena.JenaRdfaReaderTest"/>
  <testcase name="Rdfa11XmlTestsJena" time="0.016" classname="org.semarglproject.jena.JenaRdfaReaderTest"/>
  <testcase name="Rdfa11Html5TestsJena" time="0.000" classname="org.semarglproject.jena.JenaRdfaReaderTest"/>
  <testcase name="Rdfa11Html5TestsJena" time="0.016" classname="org.semarglproject.jena.JenaRdfaReaderTest"/>
  <testcase name="Rdfa11Html5TestsJena" time="0.000" classname="org.semarglproject.jena.JenaRdfaReaderTest"/>
  <testcase name="Rdfa11Html5TestsJena" time="0.000" classname="org.semarglproject.jena.JenaRdfaReaderTest"/>
  <testcase name="Rdfa11XmlTestsJena" time="0.000" classname="org.semarglproject.jena.JenaRdfaReaderTest"/>
  <testcase name="Rdfa11XmlTestsJena" time="0.000" classname="org.semarglproject.jena.JenaRdfaReaderTest"/>
  <testcase name="Rdfa11Html5TestsJena" time="0.000" classname="org.semarglproject.jena.JenaRdfaReaderTest"/>
  <testcase name="Rdfa11Html5TestsJena" time="0.015" classname="org.semarglproject.jena.JenaRdfaReaderTest"/>
  <testcase name="Rdfa11Html5TestsJena" time="0.016" classname="org.semarglproject.jena.JenaRdfaReaderTest"/>
  <testcase name="Rdfa11XmlTestsJena" time="0.016" classname="org.semarglproject.jena.JenaRdfaReaderTest"/>
  <testcase name="Rdfa11Html5TestsJena" time="0.000" classname="org.semarglproject.jena.JenaRdfaReaderTest"/>
  <testcase name="Rdfa11Html5TestsJena" time="0.000" classname="org.semarglproject.jena.JenaRdfaReaderTest"/>
  <testcase name="Rdfa11Html5TestsJena" time="0.000" classname="org.semarglproject.jena.JenaRdfaReaderTest"/>
  <testcase name="Rdfa11Html5TestsJena" time="0.000" classname="org.semarglproject.jena.JenaRdfaReaderTest"/>
  <testcase name="Rdfa11Html5TestsJena" time="0.000" classname="org.semarglproject.jena.JenaRdfaReaderTest"/>
  <testcase name="Rdfa11Html5TestsJena" time="0.016" classname="org.semarglproject.jena.JenaRdfaReaderTest"/>
  <testcase name="Rdfa11Html5TestsJena" time="0.000" classname="org.semarglproject.jena.JenaRdfaReaderTest"/>
  <testcase name="Rdfa11XmlTestsJena" time="0.000" classname="org.semarglproject.jena.JenaRdfaReaderTest"/>
  <testcase name="Rdfa11Html5TestsJena" time="0.000" classname="org.semarglproject.jena.JenaRdfaReaderTest"/>
  <testcase name="Rdfa11XmlTestsJena" time="0.000" classname="org.semarglproject.jena.JenaRdfaReaderTest"/>
  <testcase name="Rdfa11Html5TestsJena" time="0.000" classname="org.semarglproject.jena.JenaRdfaReaderTest"/>
  <testcase name="Rdfa11XmlTestsJena" time="0.015" classname="org.semarglproject.jena.JenaRdfaReaderTest"/>
  <testcase name="Rdfa11Html5TestsJena" time="0.000" classname="org.semarglproject.jena.JenaRdfaReaderTest"/>
  <testcase name="Rdfa11Html5TestsJena" time="0.000" classname="org.semarglproject.jena.JenaRdfaReaderTest"/>
  <testcase name="Rdfa11Html5TestsJena" time="0.016" classname="org.semarglproject.jena.JenaRdfaReaderTest"/>
  <testcase name="Rdfa11Html5TestsJena" time="0.016" classname="org.semarglproject.jena.JenaRdfaReaderTest"/>
  <testcase name="Rdfa11Html5TestsJena" time="0.000" classname="org.semarglproject.jena.JenaRdfaReaderTest"/>
  <testcase name="Rdfa11Html5TestsJena" time="0.000" classname="org.semarglproject.jena.JenaRdfaReaderTest"/>
  <testcase name="Rdfa11Html5TestsJena" time="0.000" classname="org.semarglproject.jena.JenaRdfaReaderTest"/>
  <testcase name="Rdfa11Html5TestsJena" time="0.000" classname="org.semarglproject.jena.JenaRdfaReaderTest"/>
  <testcase name="Rdfa11Html5TestsJena" time="0.016" classname="org.semarglproject.jena.JenaRdfaReaderTest"/>
  <testcase name="Rdfa11Html5TestsJena" time="0.000" classname="org.semarglproject.jena.JenaRdfaReaderTest"/>
  <testcase name="Rdfa11XmlTestsJena" time="0.000" classname="org.semarglproject.jena.JenaRdfaReaderTest"/>
  <testcase name="Rdfa11XmlTestsJena" time="0.000" classname="org.semarglproject.jena.JenaRdfaReaderTest"/>
  <testcase name="Rdfa11XmlTestsJena" time="0.000" classname="org.semarglproject.jena.JenaRdfaReaderTest"/>
  <testcase name="Rdfa11XmlTestsJena" time="0.000" classname="org.semarglproject.jena.JenaRdfaReaderTest"/>
  <testcase name="Rdfa11XmlTestsJena" time="0.000" classname="org.semarglproject.jena.JenaRdfaReaderTest"/>
  <testcase name="Rdfa11XmlTestsJena" time="0.000" classname="org.semarglproject.jena.JenaRdfaReaderTest"/>
  <testcase name="Rdfa11Html5TestsJena" time="0.000" classname="org.semarglproject.jena.JenaRdfaReaderTest"/>
  <testcase name="Rdfa11XmlTestsJena" time="0.000" classname="org.semarglproject.jena.JenaRdfaReaderTest"/>
  <testcase name="Rdfa11XmlTestsJena" time="0.015" classname="org.semarglproject.jena.JenaRdfaReaderTest"/>
  <testcase name="Rdfa11Html5TestsJena" time="0.000" classname="org.semarglproject.jena.JenaRdfaReaderTest"/>
  <testcase name="Rdfa11Html5TestsJena" time="0.000" classname="org.semarglproject.jena.JenaRdfaReaderTest"/>
  <testcase name="Rdfa11Html5TestsJena" time="0.000" classname="org.semarglproject.jena.JenaRdfaReaderTest"/>
  <testcase name="Rdfa11Html5TestsJena" time="0.000" classname="org.semarglproject.jena.JenaRdfaReaderTest"/>
  <testcase name="Rdfa11XmlTestsJena" time="0.016" classname="org.semarglproject.jena.JenaRdfaReaderTest"/>
  <testcase name="Rdfa11Html5TestsJena" time="0.000" classname="org.semarglproject.jena.JenaRdfaReaderTest"/>
  <testcase name="Rdfa11Html5TestsJena" time="0.282" classname="org.semarglproject.jena.JenaRdfaReaderTest"/>
  <testcase name="Rdfa11Html5TestsJena" time="0.453" classname="org.semarglproject.jena.JenaRdfaReaderTest"/>
  <testcase name="Rdfa11Html5TestsJena" time="0.016" classname="org.semarglproject.jena.JenaRdfaReaderTest"/>
  <testcase name="Rdfa11Html5TestsJena" time="0.000" classname="org.semarglproject.jena.JenaRdfaReaderTest"/>
  <testcase name="Rdfa11Html5TestsJena" time="0.000" classname="org.semarglproject.jena.JenaRdfaReaderTest"/>
  <testcase name="Rdfa11Html5TestsJena" time="0.016" classname="org.semarglproject.jena.JenaRdfaReaderTest"/>
  <testcase name="Rdfa11Html5TestsJena" time="0.000" classname="org.semarglproject.jena.JenaRdfaReaderTest"/>
  <testcase name="Rdfa11XmlTestsJena" time="0.016" classname="org.semarglproject.jena.JenaRdfaReaderTest"/>
  <testcase name="Rdfa11Html5TestsJena" time="0.000" classname="org.semarglproject.jena.JenaRdfaReaderTest"/>
  <testcase name="Rdfa11XmlTestsJena" time="0.000" classname="org.semarglproject.jena.JenaRdfaReaderTest"/>
  <testcase name="Rdfa11XmlTestsJena" time="0.000" classname="org.semarglproject.jena.JenaRdfaReaderTest"/>
  <testcase name="Rdfa11XmlTestsJena" time="0.000" classname="org.semarglproject.jena.JenaRdfaReaderTest"/>
  <testcase name="Rdfa11Html5TestsJena" time="0.000" classname="org.semarglproject.jena.JenaRdfaReaderTest"/>
  <testcase name="Rdfa11Html5TestsJena" time="0.000" classname="org.semarglproject.jena.JenaRdfaReaderTest"/>
  <testcase name="Rdfa11Html5TestsJena" time="0.000" classname="org.semarglproject.jena.JenaRdfaReaderTest"/>
  <testcase name="Rdfa11Html5TestsJena" time="0.000" classname="org.semarglproject.jena.JenaRdfaReaderTest"/>
  <testcase name="Rdfa11Html5TestsJena" time="0.000" classname="org.semarglproject.jena.JenaRdfaReaderTest"/>
  <testcase name="Rdfa11XmlTestsJena" time="0.000" classname="org.semarglproject.jena.JenaRdfaReaderTest"/>
  <testcase name="Rdfa11Html5TestsJena" time="0.016" classname="org.semarglproject.jena.JenaRdfaReaderTest"/>
  <testcase name="Rdfa11Html5TestsJena" time="0.000" classname="org.semarglproject.jena.JenaRdfaReaderTest"/>
  <testcase name="Rdfa11Html5TestsJena" time="0.000" classname="org.semarglproject.jena.JenaRdfaReaderTest"/>
  <testcase name="Rdfa11Html5TestsJena" time="0.000" classname="org.semarglproject.jena.JenaRdfaReaderTest"/>
  <testcase name="Rdfa11XmlTestsJena" time="0.000" classname="org.semarglproject.jena.JenaRdfaReaderTest"/>
  <testcase name="Rdfa11XmlTestsJena" time="0.000" classname="org.semarglproject.jena.JenaRdfaReaderTest"/>
  <testcase name="Rdfa11Html5TestsJena" time="0.000" classname="org.semarglproject.jena.JenaRdfaReaderTest"/>
  <testcase name="Rdfa11XmlTestsJena" time="0.000" classname="org.semarglproject.jena.JenaRdfaReaderTest"/>
  <testcase name="Rdfa11Html5TestsJena" time="0.015" classname="org.semarglproject.jena.JenaRdfaReaderTest"/>
  <testcase name="Rdfa11Html5TestsJena" time="0.000" classname="org.semarglproject.jena.JenaRdfaReaderTest"/>
  <testcase name="Rdfa11Html5TestsJena" time="0.016" classname="org.semarglproject.jena.JenaRdfaReaderTest"/>
  <testcase name="Rdfa11XmlTestsJena" time="0.000" classname="org.semarglproject.jena.JenaRdfaReaderTest"/>
  <testcase name="Rdfa11Html5TestsJena" time="0.000" classname="org.semarglproject.jena.JenaRdfaReaderTest"/>
  <testcase name="Rdfa11Html5TestsJena" time="0.015" classname="org.semarglproject.jena.JenaRdfaReaderTest"/>
  <testcase name="Rdfa11XmlTestsJena" time="0.000" classname="org.semarglproject.jena.JenaRdfaReaderTest"/>
  <testcase name="Rdfa11XmlTestsJena" time="0.000" classname="org.semarglproject.jena.JenaRdfaReaderTest"/>
  <testcase name="Rdfa11Html5TestsJena" time="0.110" classname="org.semarglproject.jena.JenaRdfaReaderTest"/>
  <testcase name="Rdfa11Html5TestsJena" time="0.000" classname="org.semarglproject.jena.JenaRdfaReaderTest"/>
  <testcase name="Rdfa11XmlTestsJena" time="0.000" classname="org.semarglproject.jena.JenaRdfaReaderTest"/>
  <testcase name="Rdfa11Html5TestsJena" time="0.000" classname="org.semarglproject.jena.JenaRdfaReaderTest"/>
  <testcase name="Rdfa11Html5TestsJena" time="0.015" classname="org.semarglproject.jena.JenaRdfaReaderTest"/>
  <testcase name="Rdfa11XmlTestsJena" time="0.016" classname="org.semarglproject.jena.JenaRdfaReaderTest"/>
  <testcase name="Rdfa11XmlTestsJena" time="0.000" classname="org.semarglproject.jena.JenaRdfaReaderTest"/>
  <testcase name="Rdfa11Html5TestsJena" time="0.000" classname="org.semarglproject.jena.JenaRdfaReaderTest"/>
  <testcase name="Rdfa11XmlTestsJena" time="0.000" classname="org.semarglproject.jena.JenaRdfaReaderTest"/>
  <testcase name="Rdfa11Html5TestsJena" time="0.016" classname="org.semarglproject.jena.JenaRdfaReaderTest"/>
  <testcase name="Rdfa11Html5TestsJena" time="0.000" classname="org.semarglproject.jena.JenaRdfaReaderTest"/>
  <testcase name="Rdfa11Html5TestsJena" time="0.000" classname="org.semarglproject.jena.JenaRdfaReaderTest"/>
  <testcase name="Rdfa11Html5TestsJena" time="0.016" classname="org.semarglproject.jena.JenaRdfaReaderTest"/>
  <testcase name="Rdfa11XmlTestsJena" time="0.000" classname="org.semarglproject.jena.JenaRdfaReaderTest"/>
  <testcase name="Rdfa11Html5TestsJena" time="0.000" classname="org.semarglproject.jena.JenaRdfaReaderTest"/>
  <testcase name="Rdfa11XmlTestsJena" time="0.000" classname="org.semarglproject.jena.JenaRdfaReaderTest"/>
  <testcase name="Rdfa11XmlTestsJena" time="0.000" classname="org.semarglproject.jena.JenaRdfaReaderTest"/>
  <testcase name="Rdfa11Html5TestsJena" time="0.000" classname="org.semarglproject.jena.JenaRdfaReaderTest"/>
  <testcase name="Rdfa11Html5TestsJena" time="0.110" classname="org.semarglproject.jena.JenaRdfaReaderTest"/>
  <testcase name="Rdfa11Html5TestsJena" time="0.000" classname="org.semarglproject.jena.JenaRdfaReaderTest"/>
  <testcase name="Rdfa11Html5TestsJena" time="0.000" classname="org.semarglproject.jena.JenaRdfaReaderTest"/>
  <testcase name="Rdfa11XmlTestsJena" time="0.000" classname="org.semarglproject.jena.JenaRdfaReaderTest"/>
  <testcase name="Rdfa11XmlTestsJena" time="0.016" classname="org.semarglproject.jena.JenaRdfaReaderTest"/>
  <testcase name="Rdfa11Html5TestsJena" time="0.000" classname="org.semarglproject.jena.JenaRdfaReaderTest"/>
  <testcase name="Rdfa11Html5TestsJena" time="0.000" classname="org.semarglproject.jena.JenaRdfaReaderTest"/>
  <testcase name="Rdfa11Html5TestsJena" time="0.000" classname="org.semarglproject.jena.JenaRdfaReaderTest"/>
  <testcase name="Rdfa11XmlTestsJena" time="0.000" classname="org.semarglproject.jena.JenaRdfaReaderTest"/>
  <testcase name="Rdfa11Html5TestsJena" time="0.000" classname="org.semarglproject.jena.JenaRdfaReaderTest"/>
  <testcase name="Rdfa11XmlTestsJena" time="0.000" classname="org.semarglproject.jena.JenaRdfaReaderTest"/>
  <testcase name="Rdfa11Html5TestsJena" time="0.000" classname="org.semarglproject.jena.JenaRdfaReaderTest"/>
  <testcase name="Rdfa11XmlTestsJena" time="0.000" classname="org.semarglproject.jena.JenaRdfaReaderTest"/>
  <testcase name="Rdfa11XmlTestsJena" time="0.015" classname="org.semarglproject.jena.JenaRdfaReaderTest"/>
  <testcase name="Rdfa11XmlTestsJena" time="0.000" classname="org.semarglproject.jena.JenaRdfaReaderTest"/>
  <testcase name="Rdfa11XmlTestsJena" time="0.000" classname="org.semarglproject.jena.JenaRdfaReaderTest"/>
  <testcase name="Rdfa11XmlTestsJena" time="0.000" classname="org.semarglproject.jena.JenaRdfaReaderTest"/>
  <testcase name="Rdfa11Html5TestsJena" time="0.000" classname="org.semarglproject.jena.JenaRdfaReaderTest"/>
  <testcase name="Rdfa11Html5TestsJena" time="0.000" classname="org.semarglproject.jena.JenaRdfaReaderTest"/>
  <testcase name="Rdfa11Html5TestsJena" time="0.000" classname="org.semarglproject.jena.JenaRdfaReaderTest"/>
  <testcase name="Rdfa11XmlTestsJena" time="0.000" classname="org.semarglproject.jena.JenaRdfaReaderTest"/>
  <testcase name="Rdfa11Html5TestsJena" time="0.000" classname="org.semarglproject.jena.JenaRdfaReaderTest"/>
  <testcase name="Rdfa11XmlTestsJena" time="0.000" classname="org.semarglproject.jena.JenaRdfaReaderTest"/>
  <testcase name="Rdfa11Html5TestsJena" time="0.000" classname="org.semarglproject.jena.JenaRdfaReaderTest"/>
  <testcase name="Rdfa11XmlTestsJena" time="0.000" classname="org.semarglproject.jena.JenaRdfaReaderTest"/>
  <testcase name="Rdfa11XmlTestsJena" time="0.000" classname="org.semarglproject.jena.JenaRdfaReaderTest"/>
  <testcase name="Rdfa11Html5TestsJena" time="0.000" classname="org.semarglproject.jena.JenaRdfaReaderTest"/>
  <testcase name="Rdfa11Html5TestsJena" time="0.000" classname="org.semarglproject.jena.JenaRdfaReaderTest"/>
  <testcase name="Rdfa11XmlTestsJena" time="0.015" classname="org.semarglproject.jena.JenaRdfaReaderTest"/>
  <testcase name="Rdfa11Html5TestsJena" time="0.062" classname="org.semarglproject.jena.JenaRdfaReaderTest"/>
  <testcase name="Rdfa11Html5TestsJena" time="0.000" classname="org.semarglproject.jena.JenaRdfaReaderTest"/>
  <testcase name="Rdfa11Html5TestsJena" time="0.000" classname="org.semarglproject.jena.JenaRdfaReaderTest"/>
  <testcase name="Rdfa11Html5TestsJena" time="0.000" classname="org.semarglproject.jena.JenaRdfaReaderTest"/>
  <testcase name="Rdfa11XmlTestsJena" time="0.000" classname="org.semarglproject.jena.JenaRdfaReaderTest"/>
  <testcase name="Rdfa11Html5TestsJena" time="0.000" classname="org.semarglproject.jena.JenaRdfaReaderTest"/>
  <testcase name="Rdfa11XmlTestsJena" time="0.000" classname="org.semarglproject.jena.JenaRdfaReaderTest"/>
  <testcase name="Rdfa11Html5TestsJena" time="0.000" classname="org.semarglproject.jena.JenaRdfaReaderTest"/>
  <testcase name="Rdfa11XmlTestsJena" time="0.000" classname="org.semarglproject.jena.JenaRdfaReaderTest"/>
  <testcase name="Rdfa11XmlTestsJena" time="0.000" classname="org.semarglproject.jena.JenaRdfaReaderTest"/>
  <testcase name="Rdfa11Html5TestsJena" time="0.000" classname="org.semarglproject.jena.JenaRdfaReaderTest"/>
  <testcase name="Rdfa11XmlTestsJena" time="0.015" classname="org.semarglproject.jena.JenaRdfaReaderTest"/>
  <testcase name="Rdfa11XmlTestsJena" time="0.000" classname="org.semarglproject.jena.JenaRdfaReaderTest"/>
  <testcase name="Rdfa11Html5TestsJena" time="0.000" classname="org.semarglproject.jena.JenaRdfaReaderTest"/>
  <testcase name="Rdfa11Html5TestsJena" time="0.000" classname="org.semarglproject.jena.JenaRdfaReaderTest"/>
  <testcase name="Rdfa11XmlTestsJena" time="0.016" classname="org.semarglproject.jena.JenaRdfaReaderTest"/>
  <testcase name="Rdfa11XmlTestsJena" time="0.016" classname="org.semarglproject.jena.JenaRdfaReaderTest"/>
  <testcase name="Rdfa11XmlTestsJena" time="0.000" classname="org.semarglproject.jena.JenaRdfaReaderTest"/>
  <testcase name="Rdfa11Html5TestsJena" time="0.000" classname="org.semarglproject.jena.JenaRdfaReaderTest"/>
  <testcase name="Rdfa11Html5TestsJena" time="0.000" classname="org.semarglproject.jena.JenaRdfaReaderTest"/>
  <testcase name="Rdfa11XmlTestsJena" time="0.015" classname="org.semarglproject.jena.JenaRdfaReaderTest"/>
  <testcase name="Rdfa11Html5TestsJena" time="0.016" classname="org.semarglproject.jena.JenaRdfaReaderTest"/>
  <testcase name="Rdfa11Html5TestsJena" time="0.000" classname="org.semarglproject.jena.JenaRdfaReaderTest"/>
  <testcase name="Rdfa11XmlTestsJena" time="0.000" classname="org.semarglproject.jena.JenaRdfaReaderTest"/>
  <testcase name="Rdfa11XmlTestsJena" time="0.000" classname="org.semarglproject.jena.JenaRdfaReaderTest"/>
  <testcase name="Rdfa11XmlTestsJena" time="0.000" classname="org.semarglproject.jena.JenaRdfaReaderTest"/>
  <testcase name="Rdfa11XmlTestsJena" time="0.000" classname="org.semarglproject.jena.JenaRdfaReaderTest"/>
  <testcase name="Rdfa11Html5TestsJena" time="0.000" classname="org.semarglproject.jena.JenaRdfaReaderTest"/>
  <testcase name="Rdfa11XmlTestsJena" time="0.000" classname="org.semarglproject.jena.JenaRdfaReaderTest"/>
  <testcase name="Rdfa11Html5TestsJena" time="0.000" classname="org.semarglproject.jena.JenaRdfaReaderTest"/>
  <testcase name="Rdfa11XmlTestsJena" time="0.000" classname="org.semarglproject.jena.JenaRdfaReaderTest"/>
  <testcase name="Rdfa11Html5TestsJena" time="0.000" classname="org.semarglproject.jena.JenaRdfaReaderTest"/>
  <testcase name="Rdfa11Html5TestsJena" time="0.000" classname="org.semarglproject.jena.JenaRdfaReaderTest"/>
  <testcase name="Rdfa11Html5TestsJena" time="0.000" classname="org.semarglproject.jena.JenaRdfaReaderTest"/>
  <testcase name="Rdfa11Html5TestsJena" time="0.000" classname="org.semarglproject.jena.JenaRdfaReaderTest"/>
  <testcase name="Rdfa11XmlTestsJena" time="0.000" classname="org.semarglproject.jena.JenaRdfaReaderTest"/>
  <testcase name="Rdfa11XmlTestsJena" time="0.000" classname="org.semarglproject.jena.JenaRdfaReaderTest"/>
  <testcase name="Rdfa11XmlTestsJena" time="0.000" classname="org.semarglproject.jena.JenaRdfaReaderTest"/>
  <testcase name="Rdfa11XmlTestsJena" time="0.000" classname="org.semarglproject.jena.JenaRdfaReaderTest"/>
  <testcase name="Rdfa11XmlTestsJena" time="0.000" classname="org.semarglproject.jena.JenaRdfaReaderTest"/>
  <testcase name="Rdfa11XmlTestsJena" time="0.000" classname="org.semarglproject.jena.JenaRdfaReaderTest"/>
  <testcase name="Rdfa11XmlTestsJena" time="0.000" classname="org.semarglproject.jena.JenaRdfaReaderTest"/>
  <testcase name="Rdfa11Html5TestsJena" time="0.000" classname="org.semarglproject.jena.JenaRdfaReaderTest"/>
  <testcase name="Rdfa11Html5TestsJena" time="0.032" classname="org.semarglproject.jena.JenaRdfaReaderTest"/>
  <testcase name="Rdfa11XmlTestsJena" time="0.000" classname="org.semarglproject.jena.JenaRdfaReaderTest"/>
  <testcase name="Rdfa11Html5TestsJena" time="0.000" classname="org.semarglproject.jena.JenaRdfaReaderTest"/>
  <testcase name="Rdfa11XmlTestsJena" time="0.000" classname="org.semarglproject.jena.JenaRdfaReaderTest"/>
  <testcase name="Rdfa11Html5TestsJena" time="0.000" classname="org.semarglproject.jena.JenaRdfaReaderTest"/>
  <testcase name="Rdfa11Html5TestsJena" time="0.000" classname="org.semarglproject.jena.JenaRdfaReaderTest"/>
  <testcase name="Rdfa11Html5TestsJena" time="0.015" classname="org.semarglproject.jena.JenaRdfaReaderTest"/>
  <testcase name="Rdfa11Html5TestsJena" time="0.000" classname="org.semarglproject.jena.JenaRdfaReaderTest"/>
  <testcase name="Rdfa11Html5TestsJena" time="0.000" classname="org.semarglproject.jena.JenaRdfaReaderTest"/>
  <testcase name="Rdfa11XmlTestsJena" time="0.000" classname="org.semarglproject.jena.JenaRdfaReaderTest"/>
  <testcase name="Rdfa11Html5TestsJena" time="0.000" classname="org.semarglproject.jena.JenaRdfaReaderTest"/>
  <testcase name="Rdfa11XmlTestsJena" time="0.000" classname="org.semarglproject.jena.JenaRdfaReaderTest"/>
  <testcase name="Rdfa11Html5TestsJena" time="0.016" classname="org.semarglproject.jena.JenaRdfaReaderTest"/>
  <testcase name="Rdfa11Html5TestsJena" time="0.000" classname="org.semarglproject.jena.JenaRdfaReaderTest"/>
  <testcase name="Rdfa11Html5TestsJena" time="0.000" classname="org.semarglproject.jena.JenaRdfaReaderTest"/>
  <testcase name="Rdfa11Html5TestsJena" time="0.015" classname="org.semarglproject.jena.JenaRdfaReaderTest"/>
  <testcase name="Rdfa11XmlTestsJena" time="0.000" classname="org.semarglproject.jena.JenaRdfaReaderTest"/>
  <testcase name="Rdfa11XmlTestsJena" time="0.000" classname="org.semarglproject.jena.JenaRdfaReaderTest"/>
  <testcase name="Rdfa11Html5TestsJena" time="0.000" classname="org.semarglproject.jena.JenaRdfaReaderTest"/>
  <testcase name="Rdfa11Html5TestsJena" time="0.000" classname="org.semarglproject.jena.JenaRdfaReaderTest"/>
  <testcase name="Rdfa11XmlTestsJena" time="0.000" classname="org.semarglproject.jena.JenaRdfaReaderTest"/>
  <testcase name="Rdfa11Html5TestsJena" time="0.000" classname="org.semarglproject.jena.JenaRdfaReaderTest"/>
  <testcase name="Rdfa11Html5TestsJena" time="0.015" classname="org.semarglproject.jena.JenaRdfaReaderTest"/>
  <testcase name="Rdfa11XmlTestsJena" time="0.000" classname="org.semarglproject.jena.JenaRdfaReaderTest"/>
  <testcase name="Rdfa11XmlTestsJena" time="0.000" classname="org.semarglproject.jena.JenaRdfaReaderTest"/>
  <testcase name="Rdfa11Html5TestsJena" time="0.000" classname="org.semarglproject.jena.JenaRdfaReaderTest"/>
  <testcase name="Rdfa11XmlTestsJena" time="0.016" classname="org.semarglproject.jena.JenaRdfaReaderTest"/>
  <testcase name="Rdfa11XmlTestsJena" time="0.000" classname="org.semarglproject.jena.JenaRdfaReaderTest"/>
  <testcase name="Rdfa11Html5TestsJena" time="0.000" classname="org.semarglproject.jena.JenaRdfaReaderTest"/>
  <testcase name="Rdfa11XmlTestsJena" time="0.000" classname="org.semarglproject.jena.JenaRdfaReaderTest"/>
  <testcase name="Rdfa11Html5TestsJena" time="0.000" classname="org.semarglproject.jena.JenaRdfaReaderTest"/>
  <testcase name="Rdfa11XmlTestsJena" time="0.000" classname="org.semarglproject.jena.JenaRdfaReaderTest"/>
  <testcase name="Rdfa11Html5TestsJena" time="0.000" classname="org.semarglproject.jena.JenaRdfaReaderTest"/>
  <testcase name="Rdfa11Html5TestsJena" time="0.000" classname="org.semarglproject.jena.JenaRdfaReaderTest"/>
  <testcase name="Rdfa11Html5TestsJena" time="0.000" classname="org.semarglproject.jena.JenaRdfaReaderTest"/>
  <testcase name="Rdfa11Html5TestsJena" time="0.000" classname="org.semarglproject.jena.JenaRdfaReaderTest"/>
  <testcase name="Rdfa11Html5TestsJena" time="0.000" classname="org.semarglproject.jena.JenaRdfaReaderTest"/>
  <testcase name="Rdfa11Html5TestsJena" time="0.000" classname="org.semarglproject.jena.JenaRdfaReaderTest"/>
  <testcase name="Rdfa11XmlTestsJena" time="0.000" classname="org.semarglproject.jena.JenaRdfaReaderTest"/>
  <testcase name="Rdfa11Html5TestsJena" time="0.000" classname="org.semarglproject.jena.JenaRdfaReaderTest"/>
  <testcase name="Rdfa11XmlTestsJena" time="0.016" classname="org.semarglproject.jena.JenaRdfaReaderTest"/>
  <testcase name="Rdfa11Html5TestsJena" time="0.000" classname="org.semarglproject.jena.JenaRdfaReaderTest"/>
  <testcase name="Rdfa11Html5TestsJena" time="0.000" classname="org.semarglproject.jena.JenaRdfaReaderTest"/>
  <testcase name="Rdfa11Html5TestsJena" time="0.000" classname="org.semarglproject.jena.JenaRdfaReaderTest"/>
  <testcase name="Rdfa11Html5TestsJena" time="0.000" classname="org.semarglproject.jena.JenaRdfaReaderTest"/>
  <testcase name="Rdfa11XmlTestsJena" time="0.000" classname="org.semarglproject.jena.JenaRdfaReaderTest"/>
</testsuite> <!-- org.semarglproject.jena.JenaRdfaReaderTest -->
